<?xml version="1.0" encoding="UTF-8"?>
<testng-results skipped="0" failed="0" total="1" passed="1">
  <reporter-output>
  </reporter-output>
  <suite name="Default suite" duration-ms="40302" started-at="2018-11-13T13:20:54Z" finished-at="2018-11-13T13:21:35Z">
    <groups>
    </groups>
    <test name="Default test" duration-ms="40302" started-at="2018-11-13T13:20:54Z" finished-at="2018-11-13T13:21:35Z">
      <class name="Training.TrainigDemo.Day12">
        <test-method status="PASS" signature="test_03()[pri:0, instance:Training.TrainigDemo.Day12@2812cbfa]" name="test_03" duration-ms="40286" started-at="2018-11-13T18:50:54Z" finished-at="2018-11-13T18:51:35Z">
          <reporter-output>
          </reporter-output>
        </test-method> <!-- test_03 -->
      </class> <!-- Training.TrainigDemo.Day12 -->
    </test> <!-- Default test -->
  </suite> <!-- Default suite -->
</testng-results>
